<?xml version="1.0" encoding="UTF-8"?>
<testsuite xmlns:xsi="http://www.w3.org/2001/XMLSchema-instance" xsi:noNamespaceSchemaLocation="https://maven.apache.org/surefire/maven-surefire-plugin/xsd/surefire-test-report.xsd" name="edu.baylor.ecs.sw1.myday.AppTest" time="0.001" tests="1" errors="0" skipped="0" failures="0">
  <properties>
    <property name="awt.toolkit" value="sun.lwawt.macosx.LWCToolkit"/>
    <property name="java.specification.version" value="12"/>
    <property name="sun.jnu.encoding" value="UTF-8"/>
    <property name="java.class.path" value="/Users/strafford/Documents/Baylor/Fall_2019/Software_Engineering/groupProject/myDay/target/test-classes:/Users/strafford/Documents/Baylor/Fall_2019/Software_Engineering/groupProject/myDay/target/classes:/Users/strafford/.m2/repository/com/konghq/unirest-java/3.1.02/unirest-java-3.1.02.jar:/Users/strafford/.m2/repository/org/apache/httpcomponents/httpclient/4.5.9/httpclient-4.5.9.jar:/Users/strafford/.m2/repository/org/apache/httpcomponents/httpcore/4.4.11/httpcore-4.4.11.jar:/Users/strafford/.m2/repository/commons-logging/commons-logging/1.2/commons-logging-1.2.jar:/Users/strafford/.m2/repository/commons-codec/commons-codec/1.11/commons-codec-1.11.jar:/Users/strafford/.m2/repository/org/apache/httpcomponents/httpmime/4.5.9/httpmime-4.5.9.jar:/Users/strafford/.m2/repository/org/apache/httpcomponents/httpasyncclient/4.1.4/httpasyncclient-4.1.4.jar:/Users/strafford/.m2/repository/org/apache/httpcomponents/httpcore-nio/4.4.10/httpcore-nio-4.4.10.jar:/Users/strafford/.m2/repository/com/google/code/gson/gson/2.8.5/gson-2.8.5.jar:/Users/strafford/.m2/repository/junit/junit/4.11/junit-4.11.jar:/Users/strafford/.m2/repository/org/hamcrest/hamcrest-core/1.3/hamcrest-core-1.3.jar:/Users/strafford/.m2/repository/org/jdatepicker/jdatepicker/1.3.4/jdatepicker-1.3.4.jar:/Users/strafford/.m2/repository/org/mongodb/mongodb-driver/3.4.3/mongodb-driver-3.4.3.jar:/Users/strafford/.m2/repository/org/mongodb/mongodb-driver-core/3.4.3/mongodb-driver-core-3.4.3.jar:/Users/strafford/.m2/repository/org/mongodb/bson/3.4.3/bson-3.4.3.jar:"/>
    <property name="java.vm.vendor" value="Oracle Corporation"/>
    <property name="sun.arch.data.model" value="64"/>
    <property name="java.vendor.url" value="https://java.oracle.com/"/>
    <property name="os.name" value="Mac OS X"/>
    <property name="java.vm.specification.version" value="12"/>
    <property name="sun.java.launcher" value="SUN_STANDARD"/>
    <property name="user.country" value="US"/>
    <property name="sun.boot.library.path" value="/Library/Java/JavaVirtualMachines/jdk-12.0.2.jdk/Contents/Home/lib"/>
    <property name="sun.java.command" value="/Users/strafford/Documents/Baylor/Fall_2019/Software_Engineering/groupProject/myDay/target/surefire/surefirebooter2434965042992958140.jar /Users/strafford/Documents/Baylor/Fall_2019/Software_Engineering/groupProject/myDay/target/surefire 2019-12-05T09-21-52_517-jvmRun1 surefire76235069038118302tmp surefire_01866650156223387018tmp"/>
    <property name="jdk.debug" value="release"/>
    <property name="surefire.test.class.path" value="/Users/strafford/Documents/Baylor/Fall_2019/Software_Engineering/groupProject/myDay/target/test-classes:/Users/strafford/Documents/Baylor/Fall_2019/Software_Engineering/groupProject/myDay/target/classes:/Users/strafford/.m2/repository/com/konghq/unirest-java/3.1.02/unirest-java-3.1.02.jar:/Users/strafford/.m2/repository/org/apache/httpcomponents/httpclient/4.5.9/httpclient-4.5.9.jar:/Users/strafford/.m2/repository/org/apache/httpcomponents/httpcore/4.4.11/httpcore-4.4.11.jar:/Users/strafford/.m2/repository/commons-logging/commons-logging/1.2/commons-logging-1.2.jar:/Users/strafford/.m2/repository/commons-codec/commons-codec/1.11/commons-codec-1.11.jar:/Users/strafford/.m2/repository/org/apache/httpcomponents/httpmime/4.5.9/httpmime-4.5.9.jar:/Users/strafford/.m2/repository/org/apache/httpcomponents/httpasyncclient/4.1.4/httpasyncclient-4.1.4.jar:/Users/strafford/.m2/repository/org/apache/httpcomponents/httpcore-nio/4.4.10/httpcore-nio-4.4.10.jar:/Users/strafford/.m2/repository/com/google/code/gson/gson/2.8.5/gson-2.8.5.jar:/Users/strafford/.m2/repository/junit/junit/4.11/junit-4.11.jar:/Users/strafford/.m2/repository/org/hamcrest/hamcrest-core/1.3/hamcrest-core-1.3.jar:/Users/strafford/.m2/repository/org/jdatepicker/jdatepicker/1.3.4/jdatepicker-1.3.4.jar:/Users/strafford/.m2/repository/org/mongodb/mongodb-driver/3.4.3/mongodb-driver-3.4.3.jar:/Users/strafford/.m2/repository/org/mongodb/mongodb-driver-core/3.4.3/mongodb-driver-core-3.4.3.jar:/Users/strafford/.m2/repository/org/mongodb/bson/3.4.3/bson-3.4.3.jar:"/>
    <property name="sun.cpu.endian" value="little"/>
    <property name="user.home" value="/Users/strafford"/>
    <property name="user.language" value="en"/>
    <property name="java.specification.vendor" value="Oracle Corporation"/>
    <property name="java.version.date" value="2019-07-16"/>
    <property name="java.home" value="/Library/Java/JavaVirtualMachines/jdk-12.0.2.jdk/Contents/Home"/>
    <property name="file.separator" value="/"/>
    <property name="basedir" value="/Users/strafford/Documents/Baylor/Fall_2019/Software_Engineering/groupProject/myDay"/>
    <property name="java.vm.compressedOopsMode" value="Zero based"/>
    <property name="line.separator" value="&#10;"/>
    <property name="java.vm.specification.vendor" value="Oracle Corporation"/>
    <property name="java.specification.name" value="Java Platform API Specification"/>
    <property name="java.awt.graphicsenv" value="sun.awt.CGraphicsEnvironment"/>
    <property name="surefire.real.class.path" value="/Users/strafford/Documents/Baylor/Fall_2019/Software_Engineering/groupProject/myDay/target/surefire/surefirebooter2434965042992958140.jar"/>
    <property name="sun.management.compiler" value="HotSpot 64-Bit Tiered Compilers"/>
    <property name="java.runtime.version" value="12.0.2+10"/>
    <property name="user.name" value="strafford"/>
    <property name="path.separator" value=":"/>
    <property name="os.version" value="10.14.6"/>
    <property name="java.runtime.name" value="Java(TM) SE Runtime Environment"/>
    <property name="file.encoding" value="UTF-8"/>
    <property name="java.vm.name" value="Java HotSpot(TM) 64-Bit Server VM"/>
    <property name="localRepository" value="/Users/strafford/.m2/repository"/>
    <property name="java.vendor.url.bug" value="https://bugreport.java.com/bugreport/"/>
    <property name="java.io.tmpdir" value="/var/folders/xn/mhn7shg54b917gvsmglzj7y00000gn/T/"/>
    <property name="java.version" value="12.0.2"/>
    <property name="user.dir" value="/Users/strafford/Documents/Baylor/Fall_2019/Software_Engineering/groupProject/myDay"/>
    <property name="os.arch" value="x86_64"/>
    <property name="java.vm.specification.name" value="Java Virtual Machine Specification"/>
    <property name="java.library.path" value="/Users/strafford/Library/Java/Extensions:/Library/Java/Extensions:/Network/Library/Java/Extensions:/System/Library/Java/Extensions:/usr/lib/java:."/>
    <property name="java.vm.info" value="mixed mode, sharing"/>
    <property name="java.vendor" value="Oracle Corporation"/>
    <property name="java.vm.version" value="12.0.2+10"/>
    <property name="sun.io.unicode.encoding" value="UnicodeBig"/>
    <property name="java.class.version" value="56.0"/>
  </properties>
  <testcase name="shouldAnswerWithTrue" classname="edu.baylor.ecs.sw1.myday.AppTest" time="0"/>
</testsuite>